<?xml version="1.0" encoding="UTF-8"?>
<!-- Generated by org.testng.reporters.JUnitXMLReporter -->
<testsuite ignored="0" hostname="DESKTOP-O3EB139" failures="0" tests="4" name="Command line test" time="25.378" errors="0" timestamp="2021-11-14T13:27:18 EET">
  <testcase classname="alerts.ContextMenuTest" name="testContextMenu" time="0.548"/>
  <testcase classname="alerts.UploadTest" name="testFileUpload" time="0.887"/>
  <testcase classname="brokenImages.BrokenImagesTest" name="testBrokenImages" time="0.466"/>
  <testcase classname="frames.FrameTest" name="TestWysiwyg" time="1.738"/>
</testsuite> <!-- Command line test -->
