<?xml version="1.0" encoding="UTF-8"?>
<testng-results ignored="0" total="4" passed="4" failed="0" skipped="0">
  <reporter-output>
  </reporter-output>
  <suite started-at="2021-11-14T13:26:53 EET" name="Command line suite" finished-at="2021-11-14T13:27:18 EET" duration-ms="25378">
    <groups>
    </groups>
    <test started-at="2021-11-14T13:26:53 EET" name="Command line test" finished-at="2021-11-14T13:27:18 EET" duration-ms="25378">
      <class name="brokenImages.BrokenImagesTest">
        <test-method is-config="true" signature="setUp()[pri:0, instance:brokenImages.BrokenImagesTest@2a798d51]" started-at="2021-11-14T13:27:07 EET" name="setUp" finished-at="2021-11-14T13:27:11 EET" duration-ms="3401" status="PASS">
          <reporter-output>
          </reporter-output>
        </test-method> <!-- setUp -->
        <test-method is-config="true" signature="goHome()[pri:0, instance:brokenImages.BrokenImagesTest@2a798d51]" started-at="2021-11-14T13:27:11 EET" name="goHome" finished-at="2021-11-14T13:27:11 EET" duration-ms="231" status="PASS">
          <reporter-output>
          </reporter-output>
        </test-method> <!-- goHome -->
        <test-method signature="testBrokenImages()[pri:0, instance:brokenImages.BrokenImagesTest@2a798d51]" started-at="2021-11-14T13:27:11 EET" name="testBrokenImages" finished-at="2021-11-14T13:27:11 EET" duration-ms="466" status="PASS">
          <reporter-output>
          </reporter-output>
        </test-method> <!-- testBrokenImages -->
        <test-method is-config="true" signature="tearDown()[pri:0, instance:brokenImages.BrokenImagesTest@2a798d51]" started-at="2021-11-14T13:27:11 EET" name="tearDown" finished-at="2021-11-14T13:27:12 EET" duration-ms="742" status="PASS">
          <reporter-output>
          </reporter-output>
        </test-method> <!-- tearDown -->
      </class> <!-- brokenImages.BrokenImagesTest -->
      <class name="alerts.ContextMenuTest">
        <test-method is-config="true" signature="setUp()[pri:0, instance:alerts.ContextMenuTest@9f116cc]" started-at="2021-11-14T13:26:53 EET" name="setUp" finished-at="2021-11-14T13:27:00 EET" duration-ms="7204" status="PASS">
          <reporter-output>
          </reporter-output>
        </test-method> <!-- setUp -->
        <test-method is-config="true" signature="goHome()[pri:0, instance:alerts.ContextMenuTest@9f116cc]" started-at="2021-11-14T13:27:00 EET" name="goHome" finished-at="2021-11-14T13:27:00 EET" duration-ms="333" status="PASS">
          <reporter-output>
          </reporter-output>
        </test-method> <!-- goHome -->
        <test-method signature="testContextMenu()[pri:0, instance:alerts.ContextMenuTest@9f116cc]" started-at="2021-11-14T13:27:00 EET" name="testContextMenu" finished-at="2021-11-14T13:27:01 EET" duration-ms="548" status="PASS">
          <reporter-output>
          </reporter-output>
        </test-method> <!-- testContextMenu -->
        <test-method is-config="true" signature="tearDown()[pri:0, instance:alerts.ContextMenuTest@9f116cc]" started-at="2021-11-14T13:27:01 EET" name="tearDown" finished-at="2021-11-14T13:27:02 EET" duration-ms="1109" status="PASS">
          <reporter-output>
          </reporter-output>
        </test-method> <!-- tearDown -->
      </class> <!-- alerts.ContextMenuTest -->
      <class name="frames.FrameTest">
        <test-method is-config="true" signature="setUp()[pri:0, instance:frames.FrameTest@6d763516]" started-at="2021-11-14T13:27:12 EET" name="setUp" finished-at="2021-11-14T13:27:15 EET" duration-ms="3345" status="PASS">
          <reporter-output>
          </reporter-output>
        </test-method> <!-- setUp -->
        <test-method is-config="true" signature="goHome()[pri:0, instance:frames.FrameTest@6d763516]" started-at="2021-11-14T13:27:15 EET" name="goHome" finished-at="2021-11-14T13:27:16 EET" duration-ms="259" status="PASS">
          <reporter-output>
          </reporter-output>
        </test-method> <!-- goHome -->
        <test-method signature="TestWysiwyg()[pri:0, instance:frames.FrameTest@6d763516]" started-at="2021-11-14T13:27:16 EET" name="TestWysiwyg" finished-at="2021-11-14T13:27:17 EET" duration-ms="1738" status="PASS">
          <reporter-output>
          </reporter-output>
        </test-method> <!-- TestWysiwyg -->
        <test-method is-config="true" signature="tearDown()[pri:0, instance:frames.FrameTest@6d763516]" started-at="2021-11-14T13:27:17 EET" name="tearDown" finished-at="2021-11-14T13:27:18 EET" duration-ms="781" status="PASS">
          <reporter-output>
          </reporter-output>
        </test-method> <!-- tearDown -->
      </class> <!-- frames.FrameTest -->
      <class name="alerts.UploadTest">
        <test-method is-config="true" signature="setUp()[pri:0, instance:alerts.UploadTest@6b81ce95]" started-at="2021-11-14T13:27:02 EET" name="setUp" finished-at="2021-11-14T13:27:05 EET" duration-ms="3284" status="PASS">
          <reporter-output>
          </reporter-output>
        </test-method> <!-- setUp -->
        <test-method is-config="true" signature="goHome()[pri:0, instance:alerts.UploadTest@6b81ce95]" started-at="2021-11-14T13:27:05 EET" name="goHome" finished-at="2021-11-14T13:27:06 EET" duration-ms="223" status="PASS">
          <reporter-output>
          </reporter-output>
        </test-method> <!-- goHome -->
        <test-method signature="testFileUpload()[pri:0, instance:alerts.UploadTest@6b81ce95]" started-at="2021-11-14T13:27:06 EET" name="testFileUpload" finished-at="2021-11-14T13:27:07 EET" duration-ms="887" status="PASS">
          <reporter-output>
          </reporter-output>
        </test-method> <!-- testFileUpload -->
        <test-method is-config="true" signature="tearDown()[pri:0, instance:alerts.UploadTest@6b81ce95]" started-at="2021-11-14T13:27:07 EET" name="tearDown" finished-at="2021-11-14T13:27:07 EET" duration-ms="768" status="PASS">
          <reporter-output>
          </reporter-output>
        </test-method> <!-- tearDown -->
      </class> <!-- alerts.UploadTest -->
    </test> <!-- Command line test -->
  </suite> <!-- Command line suite -->
</testng-results>
